# JRE version: 7.0_21-b02
# Java VM: OpenJDK 64-Bit Server VM (23.7-b01 mixed mode linux-amd64 compressed oops)
Heap
 def new generation   total 4800K, used 2748K [0x00000000d6800000, 0x00000000d6d30000, 0x00000000e0e00000)
  eden space 4288K,  64% used [0x00000000d6800000, 0x00000000d6aaee30, 0x00000000d6c30000)
  from space 512K,   0% used [0x00000000d6cb0000, 0x00000000d6cb0330, 0x00000000d6d30000)
  to   space 512K,   0% used [0x00000000d6c30000, 0x00000000d6c30000, 0x00000000d6cb0000)
 tenured generation   total 10624K, used 885K [0x00000000e0e00000, 0x00000000e1860000, 0x00000000f5a00000)
   the space 10624K,   8% used [0x00000000e0e00000, 0x00000000e0edd740, 0x00000000e0edd800, 0x00000000e1860000)
 compacting perm gen  total 21248K, used 4016K [0x00000000f5a00000, 0x00000000f6ec0000, 0x0000000100000000)
   the space 21248K,  18% used [0x00000000f5a00000, 0x00000000f5dec0b0, 0x00000000f5dec200, 0x00000000f6ec0000)
GC Heap History (10 events):
Event: 0.757 GC heap before
{Heap before GC invocations=28 (full 0):
 def new generation   total 4800K, used 4288K [0x00000000d6800000, 0x00000000d6d30000, 0x00000000e0e00000)
  eden space 4288K, 100% used [0x00000000d6800000, 0x00000000d6c30000, 0x00000000d6c30000)
  from space 512K,   0% used [0x00000000d6c30000, 0x00000000d6c30258, 0x00000000d6cb0000)
  to   space 512K,   0% used [0x00000000d6cb0000, 0x00000000d6cb0000, 0x00000000d6d30000)
 tenured generation   total 10624K, used 885K [0x00000000e0e00000, 0x00000000e1860000, 0x00000000f5a00000)
   the space 10624K,   8% used [0x00000000e0e00000, 0x00000000e0edd740, 0x00000000e0edd800, 0x00000000e1860000)
 compacting perm gen  total 21248K, used 4015K [0x00000000f5a00000, 0x00000000f6ec0000, 0x0000000100000000)
   the space 21248K,  18% used [0x00000000f5a00000, 0x00000000f5debfa0, 0x00000000f5dec000, 0x00000000f6ec0000)
No shared spaces configured.
Event: 0.757 GC heap after
Heap after GC invocations=29 (full 0):
 def new generation   total 4800K, used 0K [0x00000000d6800000, 0x00000000d6d30000, 0x00000000e0e00000)
  eden space 4288K,   0% used [0x00000000d6800000, 0x00000000d6800000, 0x00000000d6c30000)
  from space 512K,   0% used [0x00000000d6cb0000, 0x00000000d6cb02d0, 0x00000000d6d30000)
  to   space 512K,   0% used [0x00000000d6c30000, 0x00000000d6c30000, 0x00000000d6cb0000)
 tenured generation   total 10624K, used 885K [0x00000000e0e00000, 0x00000000e1860000, 0x00000000f5a00000)
   the space 10624K,   8% used [0x00000000e0e00000, 0x00000000e0edd740, 0x00000000e0edd800, 0x00000000e1860000)
 compacting perm gen  total 21248K, used 4015K [0x00000000f5a00000, 0x00000000f6ec0000, 0x0000000100000000)
   the space 21248K,  18% used [0x00000000f5a00000, 0x00000000f5debfa0, 0x00000000f5dec000, 0x00000000f6ec0000)
No shared spaces configured.
}
Event: 0.761 GC heap before
{Heap before GC invocations=29 (full 0):
 def new generation   total 4800K, used 4288K [0x00000000d6800000, 0x00000000d6d30000, 0x00000000e0e00000)
  eden space 4288K, 100% used [0x00000000d6800000, 0x00000000d6c30000, 0x00000000d6c30000)
  from space 512K,   0% used [0x00000000d6cb0000, 0x00000000d6cb02d0, 0x00000000d6d30000)
  to   space 512K,   0% used [0x00000000d6c30000, 0x00000000d6c30000, 0x00000000d6cb0000)
 tenured generation   total 10624K, used 885K [0x00000000e0e00000, 0x00000000e1860000, 0x00000000f5a00000)
   the space 10624K,   8% used [0x00000000e0e00000, 0x00000000e0edd740, 0x00000000e0edd800, 0x00000000e1860000)
 compacting perm gen  total 21248K, used 4015K [0x00000000f5a00000, 0x00000000f6ec0000, 0x0000000100000000)
   the space 21248K,  18% used [0x00000000f5a00000, 0x00000000f5debfa0, 0x00000000f5dec000, 0x00000000f6ec0000)
No shared spaces configured.
Event: 0.762 GC heap after
Heap after GC invocations=30 (full 0):
 def new generation   total 4800K, used 0K [0x00000000d6800000, 0x00000000d6d30000, 0x00000000e0e00000)
  eden space 4288K,   0% used [0x00000000d6800000, 0x00000000d6800000, 0x00000000d6c30000)
  from space 512K,   0% used [0x00000000d6c30000, 0x00000000d6c30328, 0x00000000d6cb0000)
  to   space 512K,   0% used [0x00000000d6cb0000, 0x00000000d6cb0000, 0x00000000d6d30000)
 tenured generation   total 10624K, used 885K [0x00000000e0e00000, 0x00000000e1860000, 0x00000000f5a00000)
   the space 10624K,   8% used [0x00000000e0e00000, 0x00000000e0edd740, 0x00000000e0edd800, 0x00000000e1860000)
 compacting perm gen  total 21248K, used 4015K [0x00000000f5a00000, 0x00000000f6ec0000, 0x0000000100000000)
   the space 21248K,  18% used [0x00000000f5a00000, 0x00000000f5debfa0, 0x00000000f5dec000, 0x00000000f6ec0000)
No shared spaces configured.
}
Event: 0.766 GC heap before
{Heap before GC invocations=30 (full 0):
 def new generation   total 4800K, used 4288K [0x00000000d6800000, 0x00000000d6d30000, 0x00000000e0e00000)
  eden space 4288K, 100% used [0x00000000d6800000, 0x00000000d6c30000, 0x00000000d6c30000)
  from space 512K,   0% used [0x00000000d6c30000, 0x00000000d6c30328, 0x00000000d6cb0000)
  to   space 512K,   0% used [0x00000000d6cb0000, 0x00000000d6cb0000, 0x00000000d6d30000)
 tenured generation   total 10624K, used 885K [0x00000000e0e00000, 0x00000000e1860000, 0x00000000f5a00000)
   the space 10624K,   8% used [0x00000000e0e00000, 0x00000000e0edd740, 0x00000000e0edd800, 0x00000000e1860000)
 compacting perm gen  total 21248K, used 4015K [0x00000000f5a00000, 0x00000000f6ec0000, 0x0000000100000000)
   the space 21248K,  18% used [0x00000000f5a00000, 0x00000000f5debfa0, 0x00000000f5dec000, 0x00000000f6ec0000)
No shared spaces configured.
Event: 0.766 GC heap after
Heap after GC invocations=31 (full 0):
 def new generation   total 4800K, used 0K [0x00000000d6800000, 0x00000000d6d30000, 0x00000000e0e00000)
  eden space 4288K,   0% used [0x00000000d6800000, 0x00000000d6800000, 0x00000000d6c30000)
  from space 512K,   0% used [0x00000000d6cb0000, 0x00000000d6cb02e0, 0x00000000d6d30000)
  to   space 512K,   0% used [0x00000000d6c30000, 0x00000000d6c30000, 0x00000000d6cb0000)
 tenured generation   total 10624K, used 885K [0x00000000e0e00000, 0x00000000e1860000, 0x00000000f5a00000)
   the space 10624K,   8% used [0x00000000e0e00000, 0x00000000e0edd740, 0x00000000e0edd800, 0x00000000e1860000)
 compacting perm gen  total 21248K, used 4015K [0x00000000f5a00000, 0x00000000f6ec0000, 0x0000000100000000)
   the space 21248K,  18% used [0x00000000f5a00000, 0x00000000f5debfa0, 0x00000000f5dec000, 0x00000000f6ec0000)
No shared spaces configured.
}
Event: 0.770 GC heap before
{Heap before GC invocations=31 (full 0):
 def new generation   total 4800K, used 4288K [0x00000000d6800000, 0x00000000d6d30000, 0x00000000e0e00000)
  eden space 4288K, 100% used [0x00000000d6800000, 0x00000000d6c30000, 0x00000000d6c30000)
  from space 512K,   0% used [0x00000000d6cb0000, 0x00000000d6cb02e0, 0x00000000d6d30000)
  to   space 512K,   0% used [0x00000000d6c30000, 0x00000000d6c30000, 0x00000000d6cb0000)
 tenured generation   total 10624K, used 885K [0x00000000e0e00000, 0x00000000e1860000, 0x00000000f5a00000)
   the space 10624K,   8% used [0x00000000e0e00000, 0x00000000e0edd740, 0x00000000e0edd800, 0x00000000e1860000)
 compacting perm gen  total 21248K, used 4016K [0x00000000f5a00000, 0x00000000f6ec0000, 0x0000000100000000)
   the space 21248K,  18% used [0x00000000f5a00000, 0x00000000f5dec0b0, 0x00000000f5dec200, 0x00000000f6ec0000)
No shared spaces configured.
Event: 0.770 GC heap after
Heap after GC invocations=32 (full 0):
 def new generation   total 4800K, used 0K [0x00000000d6800000, 0x00000000d6d30000, 0x00000000e0e00000)
  eden space 4288K,   0% used [0x00000000d6800000, 0x00000000d6800000, 0x00000000d6c30000)
  from space 512K,   0% used [0x00000000d6c30000, 0x00000000d6c302d0, 0x00000000d6cb0000)
  to   space 512K,   0% used [0x00000000d6cb0000, 0x00000000d6cb0000, 0x00000000d6d30000)
 tenured generation   total 10624K, used 885K [0x00000000e0e00000, 0x00000000e1860000, 0x00000000f5a00000)
   the space 10624K,   8% used [0x00000000e0e00000, 0x00000000e0edd740, 0x00000000e0edd800, 0x00000000e1860000)
 compacting perm gen  total 21248K, used 4016K [0x00000000f5a00000, 0x00000000f6ec0000, 0x0000000100000000)
   the space 21248K,  18% used [0x00000000f5a00000, 0x00000000f5dec0b0, 0x00000000f5dec200, 0x00000000f6ec0000)
No shared spaces configured.
}
Event: 0.775 GC heap before
{Heap before GC invocations=32 (full 0):
 def new generation   total 4800K, used 4288K [0x00000000d6800000, 0x00000000d6d30000, 0x00000000e0e00000)
  eden space 4288K, 100% used [0x00000000d6800000, 0x00000000d6c30000, 0x00000000d6c30000)
  from space 512K,   0% used [0x00000000d6c30000, 0x00000000d6c302d0, 0x00000000d6cb0000)
  to   space 512K,   0% used [0x00000000d6cb0000, 0x00000000d6cb0000, 0x00000000d6d30000)
 tenured generation   total 10624K, used 885K [0x00000000e0e00000, 0x00000000e1860000, 0x00000000f5a00000)
   the space 10624K,   8% used [0x00000000e0e00000, 0x00000000e0edd740, 0x00000000e0edd800, 0x00000000e1860000)
 compacting perm gen  total 21248K, used 4016K [0x00000000f5a00000, 0x00000000f6ec0000, 0x0000000100000000)
   the space 21248K,  18% used [0x00000000f5a00000, 0x00000000f5dec0b0, 0x00000000f5dec200, 0x00000000f6ec0000)
No shared spaces configured.
Event: 0.775 GC heap after
Heap after GC invocations=33 (full 0):
 def new generation   total 4800K, used 0K [0x00000000d6800000, 0x00000000d6d30000, 0x00000000e0e00000)
  eden space 4288K,   0% used [0x00000000d6800000, 0x00000000d6800000, 0x00000000d6c30000)
  from space 512K,   0% used [0x00000000d6cb0000, 0x00000000d6cb0330, 0x00000000d6d30000)
  to   space 512K,   0% used [0x00000000d6c30000, 0x00000000d6c30000, 0x00000000d6cb0000)
 tenured generation   total 10624K, used 885K [0x00000000e0e00000, 0x00000000e1860000, 0x00000000f5a00000)
   the space 10624K,   8% used [0x00000000e0e00000, 0x00000000e0edd740, 0x00000000e0edd800, 0x00000000e1860000)
 compacting perm gen  total 21248K, used 4016K [0x00000000f5a00000, 0x00000000f6ec0000, 0x0000000100000000)
   the space 21248K,  18% used [0x00000000f5a00000, 0x00000000f5dec0b0, 0x00000000f5dec200, 0x00000000f6ec0000)
No shared spaces configured.
}

